<?xml version="1.0" encoding="UTF-8"?>
<!-- Generated by org.testng.reporters.JUnitReportReporter -->
<testsuite hostname="LT5254" name="test.NewTest" tests="1" failures="0" timestamp="31 Aug 2018 10:25:35 GMT" time="4.468" errors="0">
  <testcase name="openMyBlog" time="4.468" classname="test.NewTest"/>
</testsuite> <!-- test.NewTest -->
