<?xml version="1.0" encoding="UTF-8"?>
<!-- Generated by org.testng.reporters.JUnitReportReporter -->
<testsuite hostname="LT5254" name="test.NewTest" tests="1" failures="0" timestamp="31 Aug 2018 09:32:35 GMT" time="9.366" errors="0">
  <testcase name="openMyBlog" time="9.366" classname="test.NewTest"/>
</testsuite> <!-- test.NewTest -->
